0 info it worked if it ends with ok
1 verbose cli [ 'C:\\Program Files\\nodejs\\node.exe',
1 verbose cli   'C:\\Users\\Tobias-Laptop\\AppData\\Roaming\\npm\\node_modules\\npm\\bin\\npm-cli.js',
1 verbose cli   'start' ]
2 info using npm@4.0.5
3 info using node@v7.7.4
4 verbose run-script [ 'prestart', 'start', 'poststart' ]
5 info lifecycle slackbot-main@1.0.0~prestart: slackbot-main@1.0.0
6 silly lifecycle slackbot-main@1.0.0~prestart: no script for prestart, continuing
7 info lifecycle slackbot-main@1.0.0~start: slackbot-main@1.0.0
8 verbose lifecycle slackbot-main@1.0.0~start: unsafe-perm in lifecycle true
9 verbose lifecycle slackbot-main@1.0.0~start: PATH: C:\Users\Tobias-Laptop\AppData\Roaming\npm\node_modules\npm\bin\node-gyp-bin;C:\Users\Tobias-Laptop\Documents\FH\6Semester\NodeJS\abgabe\slackbot\bot\node_modules\.bin;C:\ProgramData\Oracle\Java\javapath;C:\Program Files (x86)\NVIDIA Corporation\PhysX\Common;C:\Program Files (x86)\Intel\iCLS Client\;C:\Program Files\Intel\iCLS Client\;C:\Windows\system32;C:\Windows;C:\Windows\System32\Wbem;C:\Windows\System32\WindowsPowerShell\v1.0\;C:\Program Files (x86)\Common Files\lenovo\easyplussdk\bin;C:\Program Files\Intel\Intel(R) Management Engine Components\DAL;C:\Program Files (x86)\Intel\Intel(R) Management Engine Components\DAL;C:\Program Files\Intel\Intel(R) Management Engine Components\IPT;C:\Program Files (x86)\Intel\Intel(R) Management Engine Components\IPT;C:\Program Files (x86)\IVI Foundation\VISA\WinNT\Bin;C:\Program Files (x86)\leJOS NXJ\bin;C:\Program Files\TortoiseSVN\bin;C:\xampp\php;C:\ProgramData\ComposerSetup\bin;C:\Program Files (x86)\MiKTeX 2.9\miktex\bin\;C:\Users\Tobias-Laptop\AppData\Local\Android\android-sdk\platform-tools;C:\Users\Tobias-Laptop\AppData\Local\Android\android-sdk\tools;;C:\Android;C:\Windows\System32;C:\Windows\system32\config\systemprofile\.dnx\bin;C:\Program Files\Microsoft DNX\Dnvm\;C:\Program Files (x86)\Windows Kits\8.1\Windows Performance Toolkit\;C:\Program Files\Microsoft SQL Server\130\Tools\Binn\;C:\Program Files (x86)\PuTTY\;C:\Program Files\TortoiseHg\;C:\Program Files (x86)\Skype\Phone\;C:\Program Files\nodejs\;C:\Users\Tobias-Laptop\AppData\Local\atom\bin;C:\Users\Tobias-Laptop\AppData\Roaming\Composer\vendor\bin;C:\Program Files\Docker Toolbox;C:\Program Files (x86)\Microsoft VS Code\bin;C:\Users\Tobias-Laptop\AppData\Roaming\npm
10 verbose lifecycle slackbot-main@1.0.0~start: CWD: C:\Users\Tobias-Laptop\Documents\FH\6Semester\NodeJS\abgabe\slackbot\bot
11 silly lifecycle slackbot-main@1.0.0~start: Args: [ '/d /s /c', 'cross-env NODE_ENV=development node bin/run' ]
12 verbose stack Error: kill ENOSYS
12 verbose stack     at exports._errnoException (util.js:1034:11)
12 verbose stack     at process.kill (internal/process.js:188:13)
12 verbose stack     at process.listener (C:\Users\Tobias-Laptop\AppData\Roaming\npm\node_modules\npm\node_modules\npmlog\node_modules\gauge\node_modules\signal-exit\index.js:86:15)
12 verbose stack     at emitNone (events.js:91:20)
12 verbose stack     at process.emit (events.js:188:7)
12 verbose stack     at processEmit (C:\Users\Tobias-Laptop\AppData\Roaming\npm\node_modules\npm\node_modules\npmlog\node_modules\gauge\node_modules\signal-exit\index.js:146:32)
12 verbose stack     at processEmit (C:\Users\Tobias-Laptop\AppData\Roaming\npm\node_modules\npm\node_modules\npm-registry-client\node_modules\npmlog\node_modules\gauge\node_modules\signal-exit\index.js:146:32)
12 verbose stack     at Signal.wrap.onsignal (internal/process.js:215:44)
13 verbose cwd C:\Users\Tobias-Laptop\Documents\FH\6Semester\NodeJS\abgabe\slackbot\bot
14 error Windows_NT 6.3.9600
15 error argv "C:\\Program Files\\nodejs\\node.exe" "C:\\Users\\Tobias-Laptop\\AppData\\Roaming\\npm\\node_modules\\npm\\bin\\npm-cli.js" "start"
16 error node v7.7.4
17 error npm  v4.0.5
18 error code ENOSYS
19 error errno ENOSYS
20 error syscall kill
21 error kill ENOSYS
22 error If you need help, you may report this error at:
22 error     <https://github.com/npm/npm/issues>
23 verbose exit [ 1, true ]
